[2024-07-14T13:14:14.702932+00:00] wp_show_post.INFO: Executing displayPost method. [] []
[2024-07-14T13:14:19.064709+00:00] wp_show_post.INFO: Executing save_show_post_data_handler method. [] []
[2024-07-14T13:14:19.066362+00:00] wp_show_post.WARNING: No post data found. [] []
[2024-07-14T13:14:49.471118+00:00] wp_show_post.INFO: Executing displayPost method. [] []
[2024-07-14T13:15:19.624180+00:00] wp_show_post.INFO: Executing displayPost method. [] []
[2024-07-14T13:15:25.250668+00:00] wp_show_post.INFO: Executing displayPost method. [] []
[2024-07-14T13:15:35.070521+00:00] wp_show_post.INFO: Executing displayPost method. [] []
[2024-07-14T13:15:43.650147+00:00] wp_show_post.INFO: Executing displayPost method. [] []
[2024-07-14T13:15:54.806886+00:00] wp_show_post.INFO: Executing save_show_post_data_handler method. [] []
[2024-07-14T13:15:54.808902+00:00] wp_show_post.WARNING: No post data found. [] []
[2024-07-14T13:15:58.659211+00:00] wp_show_post.INFO: Executing save_show_post_data_handler method. [] []
[2024-07-14T13:15:58.688631+00:00] wp_show_post.INFO: Post data updated. {"qualityPost":"10","category":"allCategory"} []
[2024-07-14T13:16:02.330377+00:00] wp_show_post.INFO: Executing displayPost method. [] []
[2024-07-14T13:17:00.122065+00:00] wp_show_post.INFO: Executing save_show_post_data_handler method. [] []
[2024-07-14T13:17:00.124580+00:00] wp_show_post.WARNING: No post data found. [] []
[2024-07-14T13:17:10.809485+00:00] wp_show_post.INFO: Executing displayPost method. [] []
[2024-07-14T13:17:14.409582+00:00] wp_show_post.INFO: Executing save_show_post_data_handler method. [] []
[2024-07-14T13:17:20.302326+00:00] wp_show_post.INFO: Executing save_show_post_data_handler method. [] []
[2024-07-14T13:18:32.964389+00:00] wp_show_post.INFO: Executing displayPost method. [] []
[2024-07-14T13:18:52.356018+00:00] wp_show_post.INFO: Executing displayPost method. [] []
[2024-07-14T13:19:05.726254+00:00] wp_show_post.INFO: Executing displayPost method. [] []
[2024-07-14T13:19:26.379920+00:00] wp_show_post.INFO: Executing save_show_post_data_handler method. [] []
[2024-07-14T13:19:26.381427+00:00] wp_show_post.WARNING: No post data found. [] []
[2024-07-14T13:19:28.800645+00:00] wp_show_post.INFO: Executing save_show_post_data_handler method. [] []
[2024-07-14T13:19:28.802024+00:00] wp_show_post.WARNING: No post data found. [] []
[2024-07-14T13:19:59.396489+00:00] wp_show_post.INFO: Executing save_show_post_data_handler method. [] []
[2024-07-14T13:19:59.398048+00:00] wp_show_post.WARNING: No post data found. [] []
[2024-07-14T13:20:01.094502+00:00] wp_show_post.INFO: Executing save_show_post_data_handler method. [] []
[2024-07-14T13:20:01.118880+00:00] wp_show_post.INFO: Post data updated. {"qualityPost":"10","category":"allCategory"} []
[2024-07-14T13:20:15.395357+00:00] wp_show_post.INFO: Executing displayPost method. [] []
[2024-07-14T13:20:43.639896+00:00] wp_show_post.INFO: Executing save_show_post_data_handler method. [] []
[2024-07-14T13:37:53.999156+00:00] wp_show_post.INFO: Executing save_show_post_data_handler method. [] []
[2024-07-14T13:37:54.022279+00:00] wp_show_post.INFO: Post data updated. {"qualityPost":"10","category":"bez-rubriki"} []
[2024-07-14T13:38:01.693296+00:00] wp_show_post.INFO: Executing save_show_post_data_handler method. [] []
[2024-07-14T13:38:01.722010+00:00] wp_show_post.INFO: Post data updated. {"qualityPost":"10","category":"aktsii"} []
[2024-07-14T13:40:38.741423+00:00] wp_show_post.INFO: Executing save_show_post_data_handler method. [] []
[2024-07-14T13:40:38.768131+00:00] wp_show_post.INFO: Post data updated. {"qualityPost":"11","category":"aktsii"} []
[2024-07-14T13:40:52.383270+00:00] wp_show_post.INFO: Executing displayPost method. [] []
[2024-07-14T15:35:17.154787+00:00] wp_show_post.INFO: Executing displayPost method. [] []
[2024-07-14T15:35:19.769807+00:00] wp_show_post.INFO: Executing displayPost method. [] []
